[20/07/2021-12:22:51] [INFO]	Matt_daemon started at PID: 6220
[20/07/2021-12:22:51] [USER_ACTION]	[0x700004d77000] New connection started
[20/07/2021-12:22:51] [USER_ACTION]	[0x700004dfa000] New connection started
[20/07/2021-12:22:51] [USER_INPUT]	[0x700004d77000] quit
[20/07/2021-12:22:51] [USER_ACTION]	[0x700004d77000] Exit by "QUIT" command
[20/07/2021-12:22:51] [INFO]	Lock file is removed
[20/07/2021-12:22:51] [INFO]	Matt_daemon at PID [6220] is closed
[20/07/2021-12:24:00] [INFO]	Matt_daemon started at PID: 6354
[20/07/2021-12:24:00] [USER_ACTION]	[0x700004b5c000] New connection started
[20/07/2021-12:24:00] [USER_INPUT]	[0x700004b5c000] qiot
[20/07/2021-12:24:00] [USER_INPUT]	[0x700004b5c000] quit
[20/07/2021-12:24:00] [USER_ACTION]	[0x700004b5c000] Exit by "QUIT" command
[20/07/2021-12:24:00] [INFO]	Lock file is removed
[20/07/2021-12:24:00] [INFO]	Matt_daemon at PID [6354] is closed
[20/07/2021-12:24:11] [INFO]	Matt_daemon started at PID: 6373
[20/07/2021-12:24:11] [USER_ACTION]	[0x700005ff0000] New connection started
[20/07/2021-12:24:11] [USER_INPUT]	[0x700005ff0000] quit
[20/07/2021-12:24:11] [USER_ACTION]	[0x700005ff0000] Exit by "QUIT" command
[20/07/2021-12:24:11] [INFO]	Lock file is removed
[20/07/2021-12:24:11] [INFO]	Matt_daemon at PID [6373] is closed
[20/07/2021-12:25:18] [INFO]	Matt_daemon started at PID: 6416
[20/07/2021-12:25:18] [USER_ACTION]	[0x700008cab000] New connection started
[20/07/2021-12:25:18] [USER_ACTION]	[0x700008d2e000] New connection started
[20/07/2021-12:25:18] [USER_ACTION]	[0x700008cab000] Connection closed
[20/07/2021-12:25:18] [USER_ACTION]	[0x700008cab000] New connection started
[20/07/2021-12:25:18] [USER_INPUT]	[0x700008cab000] sdasd
[20/07/2021-12:25:18] [USER_ACTION]	[0x700008cab000] Connection closed
[20/07/2021-12:25:18] [USER_ACTION]	[0x700008cab000] New connection started
[20/07/2021-12:25:18] [USER_ACTION]	[0x700008db1000] New connection started
[20/07/2021-12:25:18] [INFO]	User tried to connect when maximum user count was reached
[20/07/2021-12:25:18] [INFO]	User tried to connect when maximum user count was reached
[20/07/2021-12:25:18] [INFO]	User tried to connect when maximum user count was reached
[20/07/2021-12:25:18] [INFO]	User tried to connect when maximum user count was reached
[20/07/2021-12:25:18] [USER_ACTION]	[0x700008db1000] Connection closed
[20/07/2021-12:25:18] [USER_ACTION]	[0x700008db1000] New connection started
[20/07/2021-12:25:18] [USER_ACTION]	[0x700008db1000] Connection closed
[20/07/2021-12:25:18] [USER_INPUT]	[0x700008cab000] quit
[20/07/2021-12:25:18] [USER_ACTION]	[0x700008cab000] Exit by "QUIT" command
[20/07/2021-12:25:18] [INFO]	Lock file is removed
[20/07/2021-12:25:18] [INFO]	Matt_daemon at PID [6416] is closed
